0 info it worked if it ends with ok
1 verbose cli [ '/usr/local/bin/node', '/usr/local/bin/npm', 'publish' ]
2 info using npm@4.1.2
3 info using node@v7.6.0
4 verbose publish [ '.' ]
5 silly cache add args [ '.', null ]
6 verbose cache add spec .
7 silly cache add parsed spec Result {
7 silly cache add   raw: '.',
7 silly cache add   scope: null,
7 silly cache add   escapedName: null,
7 silly cache add   name: null,
7 silly cache add   rawSpec: '.',
7 silly cache add   spec: '/Volumes/finishing/runner/plugin/suyun/src/app/admin1',
7 silly cache add   type: 'directory' }
8 verbose addLocalDirectory /Users/meepo/.npm/imeepos-suyun-admin/1.0.6/package.tgz not in flight; packing
9 verbose correctMkdir /Users/meepo/.npm correctMkdir not in flight; initializing
10 info lifecycle imeepos-suyun-admin@1.0.6~prepublish: imeepos-suyun-admin@1.0.6
11 silly lifecycle imeepos-suyun-admin@1.0.6~prepublish: no script for prepublish, continuing
12 info lifecycle imeepos-suyun-admin@1.0.6~prepare: imeepos-suyun-admin@1.0.6
13 silly lifecycle imeepos-suyun-admin@1.0.6~prepare: no script for prepare, continuing
14 verbose tar pack [ '/Users/meepo/.npm/imeepos-suyun-admin/1.0.6/package.tgz',
14 verbose tar pack   '/Volumes/finishing/runner/plugin/suyun/src/app/admin1' ]
15 verbose tarball /Users/meepo/.npm/imeepos-suyun-admin/1.0.6/package.tgz
16 verbose folder /Volumes/finishing/runner/plugin/suyun/src/app/admin1
17 verbose addLocalTarball adding from inside cache /Users/meepo/.npm/imeepos-suyun-admin/1.0.6/package.tgz
18 verbose correctMkdir /Users/meepo/.npm correctMkdir not in flight; initializing
19 silly cache afterAdd imeepos-suyun-admin@1.0.6
20 verbose afterAdd /Users/meepo/.npm/imeepos-suyun-admin/1.0.6/package/package.json not in flight; writing
21 verbose correctMkdir /Users/meepo/.npm correctMkdir not in flight; initializing
22 verbose afterAdd /Users/meepo/.npm/imeepos-suyun-admin/1.0.6/package/package.json written
23 silly publish { name: 'imeepos-suyun-admin',
23 silly publish   version: '1.0.6',
23 silly publish   description: 'suyun admin',
23 silly publish   main: 'index.js',
23 silly publish   scripts: { test: 'echo "Error: no test specified" && exit 1' },
23 silly publish   keywords: [ 'suyun', 'admin' ],
23 silly publish   author: { name: 'imeepos' },
23 silly publish   license: 'ISC',
23 silly publish   gitHead: '728130d1e702b2870c0cac8b332fe8e13084e4b6',
23 silly publish   readme: 'ERROR: No README data found!',
23 silly publish   _id: 'imeepos-suyun-admin@1.0.6',
23 silly publish   _shasum: 'ab2c36c221958f77057bd93ae61cbe13926a00dc',
23 silly publish   _from: '.' }
24 info lifecycle imeepos-suyun-admin@1.0.6~prepublishOnly: imeepos-suyun-admin@1.0.6
25 silly lifecycle imeepos-suyun-admin@1.0.6~prepublishOnly: no script for prepublishOnly, continuing
26 verbose getPublishConfig undefined
27 silly mapToRegistry name imeepos-suyun-admin
28 silly mapToRegistry using default registry
29 silly mapToRegistry registry https://registry.npmjs.org/
30 silly mapToRegistry data Result {
30 silly mapToRegistry   raw: 'imeepos-suyun-admin',
30 silly mapToRegistry   scope: null,
30 silly mapToRegistry   escapedName: 'imeepos-suyun-admin',
30 silly mapToRegistry   name: 'imeepos-suyun-admin',
30 silly mapToRegistry   rawSpec: '',
30 silly mapToRegistry   spec: 'latest',
30 silly mapToRegistry   type: 'tag' }
31 silly mapToRegistry uri https://registry.npmjs.org/imeepos-suyun-admin
32 verbose publish registryBase https://registry.npmjs.org/
33 silly publish uploading /Users/meepo/.npm/imeepos-suyun-admin/1.0.6/package.tgz
34 verbose request uri https://registry.npmjs.org/imeepos-suyun-admin
35 verbose request sending authorization for write operation
36 info attempt registry request try #1 at 9:28:16 PM
37 verbose request using bearer token for auth
38 verbose request id df455836c046180a
39 http request PUT https://registry.npmjs.org/imeepos-suyun-admin
40 http 403 https://registry.npmjs.org/imeepos-suyun-admin
41 verbose headers { 'content-type': 'application/json',
41 verbose headers   'cache-control': 'max-age=300',
41 verbose headers   'content-length': '95',
41 verbose headers   'accept-ranges': 'bytes',
41 verbose headers   date: 'Sat, 24 Jun 2017 13:28:18 GMT',
41 verbose headers   via: '1.1 varnish',
41 verbose headers   connection: 'keep-alive',
41 verbose headers   'x-served-by': 'cache-nrt6120-NRT',
41 verbose headers   'x-cache': 'MISS',
41 verbose headers   'x-cache-hits': '0',
41 verbose headers   'x-timer': 'S1498310898.550521,VS0,VE742',
41 verbose headers   vary: 'Accept-Encoding' }
42 verbose request invalidating /Users/meepo/.npm/registry.npmjs.org/imeepos-suyun-admin on PUT
43 error publish Failed PUT 403
44 verbose stack Error: "You cannot publish over the previously published version 1.0.6." : imeepos-suyun-admin
44 verbose stack     at makeError (/usr/local/lib/node_modules/npm/node_modules/npm-registry-client/lib/request.js:304:12)
44 verbose stack     at CachingRegistryClient.<anonymous> (/usr/local/lib/node_modules/npm/node_modules/npm-registry-client/lib/request.js:292:14)
44 verbose stack     at Request._callback (/usr/local/lib/node_modules/npm/node_modules/npm-registry-client/lib/request.js:212:14)
44 verbose stack     at Request.self.callback (/usr/local/lib/node_modules/npm/node_modules/request/request.js:186:22)
44 verbose stack     at emitTwo (events.js:106:13)
44 verbose stack     at Request.emit (events.js:192:7)
44 verbose stack     at Request.<anonymous> (/usr/local/lib/node_modules/npm/node_modules/request/request.js:1081:10)
44 verbose stack     at emitOne (events.js:96:13)
44 verbose stack     at Request.emit (events.js:189:7)
44 verbose stack     at IncomingMessage.<anonymous> (/usr/local/lib/node_modules/npm/node_modules/request/request.js:1001:12)
45 verbose statusCode 403
46 verbose pkgid imeepos-suyun-admin
47 verbose cwd /Volumes/finishing/runner/plugin/suyun/src/app/admin1
48 error Darwin 16.5.0
49 error argv "/usr/local/bin/node" "/usr/local/bin/npm" "publish"
50 error node v7.6.0
51 error npm  v4.1.2
52 error code E403
53 error "You cannot publish over the previously published version 1.0.6." : imeepos-suyun-admin
54 error If you need help, you may report this error at:
54 error     <https://github.com/npm/npm/issues>
55 verbose exit [ 1, true ]
